<?xml version="1.0" encoding="UTF-8"?>
<!-- Generated by org.testng.reporters.JUnitXMLReporter -->
<testsuite ignored="0" hostname="Shonuuu" failures="0" tests="3" name="Test" time="59.409" errors="0" timestamp="2023-07-10T17:35:13 IST">
  <testcase classname="com.amazon.mavenproject.AppTest" name="searchFunction" time="8.001"/>
  <testcase classname="com.amazon.mavenproject.AppTest" name="changeCountryMethod" time="19.835"/>
  <testcase classname="com.amazon.mavenproject.LoginTest" name="loginToAmazon" time="2.953"/>
</testsuite> <!-- Test -->
