<?xml version="1.0" encoding="UTF-8"?>
<testng-results ignored="0" total="2" passed="2" failed="0" skipped="0">
  <reporter-output>
  </reporter-output>
  <suite started-at="2023-07-19T15:20:01 IST" name="Suite" finished-at="2023-07-19T15:20:58 IST" duration-ms="57497">
    <groups>
      <group name="sample">
        <method signature="LoginTest.loginToAmazon(java.lang.String,java.lang.String)[pri:0, instance:com.amazon.mavenproject.LoginTest@10683d9d]" name="loginToAmazon" class="com.amazon.mavenproject.LoginTest"/>
        <method signature="LoginTest.loginToAmazon(java.lang.String,java.lang.String)[pri:0, instance:com.amazon.mavenproject.LoginTest@510f3d34]" name="loginToAmazon" class="com.amazon.mavenproject.LoginTest"/>
      </group> <!-- sample -->
    </groups>
    <test started-at="2023-07-19T15:20:01 IST" name="FirefoxTest" finished-at="2023-07-19T15:20:56 IST" duration-ms="55101">
      <class name="com.amazon.mavenproject.LoginTest">
        <test-method is-config="true" signature="setUp(java.lang.String)[pri:0, instance:com.amazon.mavenproject.LoginTest@510f3d34]" started-at="2023-07-19T15:20:01 IST" name="setUp" finished-at="2023-07-19T15:20:36 IST" duration-ms="35332" status="PASS">
          <params>
            <param index="0">
              <value>
                <![CDATA[firefox]]>
              </value>
            </param>
          </params>
          <reporter-output>
          </reporter-output>
        </test-method> <!-- setUp -->
        <test-method signature="loginToAmazon(java.lang.String,java.lang.String)[pri:0, instance:com.amazon.mavenproject.LoginTest@510f3d34]" started-at="2023-07-19T15:20:53 IST" name="loginToAmazon" data-provider="excelData" finished-at="2023-07-19T15:20:56 IST" duration-ms="2402" status="PASS">
          <params>
            <param index="0">
              <value>
                <![CDATA[7799298050]]>
              </value>
            </param>
            <param index="1">
              <value>
                <![CDATA[shonu@556]]>
              </value>
            </param>
          </params>
          <reporter-output>
          </reporter-output>
        </test-method> <!-- loginToAmazon -->
      </class> <!-- com.amazon.mavenproject.LoginTest -->
    </test> <!-- FirefoxTest -->
    <test started-at="2023-07-19T15:20:01 IST" name="ChromeTest" finished-at="2023-07-19T15:20:58 IST" duration-ms="57497">
      <class name="com.amazon.mavenproject.LoginTest">
        <test-method is-config="true" signature="setUp(java.lang.String)[pri:0, instance:com.amazon.mavenproject.LoginTest@10683d9d]" started-at="2023-07-19T15:20:01 IST" name="setUp" finished-at="2023-07-19T15:20:49 IST" duration-ms="48360" status="PASS">
          <params>
            <param index="0">
              <value>
                <![CDATA[chrome]]>
              </value>
            </param>
          </params>
          <reporter-output>
          </reporter-output>
        </test-method> <!-- setUp -->
        <test-method signature="loginToAmazon(java.lang.String,java.lang.String)[pri:0, instance:com.amazon.mavenproject.LoginTest@10683d9d]" started-at="2023-07-19T15:20:53 IST" name="loginToAmazon" data-provider="excelData" finished-at="2023-07-19T15:20:58 IST" duration-ms="4833" status="PASS">
          <params>
            <param index="0">
              <value>
                <![CDATA[7799298050]]>
              </value>
            </param>
            <param index="1">
              <value>
                <![CDATA[shonu@556]]>
              </value>
            </param>
          </params>
          <reporter-output>
          </reporter-output>
        </test-method> <!-- loginToAmazon -->
      </class> <!-- com.amazon.mavenproject.LoginTest -->
    </test> <!-- ChromeTest -->
  </suite> <!-- Suite -->
</testng-results>
